18:00:24.132 [main] INFO  testCases.TC002_LoginTest - *** Test Starting TC002_LoginTest ***
18:00:27.416 [main] INFO  testCases.TC002_LoginTest - -------- Finished TC002_LoginTest ------
18:01:45.940 [main] INFO  org.testng.internal.Utils - [TestNG] Running:
  C:\Users\hp\eclipse-workspace\HybridDrivenFramework\grouping.xml

18:02:09.522 [main] INFO  org.testng.internal.Utils - [TestNG] Running:
  C:\Users\hp\eclipse-workspace\HybridDrivenFramework\grouping.xml

18:03:25.900 [main] INFO  org.testng.internal.Utils - [TestNG] Running:
  C:\Users\hp\eclipse-workspace\HybridDrivenFramework\grouping.xml

18:03:38.663 [main] INFO  org.testng.internal.Utils - [TestNG] Running:
  C:\Users\hp\eclipse-workspace\HybridDrivenFramework\grouping.xml

18:03:43.026 [main] INFO  testCases.TC001_Account_Reg_page -  ***** Starting Test TC001_Account_Reg_page ***** 
18:03:43.067 [main] INFO  testCases.TC001_Account_Reg_page -  ***** Click on My Account Link ***** 
18:03:43.206 [main] INFO  testCases.TC001_Account_Reg_page -  ***** Click on Registration Link ***** 
18:03:43.911 [main] INFO  testCases.TC001_Account_Reg_page -  +++++ Enter all Information +++++
18:03:46.820 [main] INFO  testCases.TC001_Account_Reg_page -  ***** Test TC001_Account_Reg_page Completed ***** 
15:58:36.518 [main] INFO  org.testng.internal.Utils - [TestNG] Running:
  C:\Users\hp\eclipse-workspace\HybridDrivenFramework\grouping.xml

15:58:55.558 [main] INFO  testCases.TC001_Account_Reg_page -  ***** Starting Test TC001_Account_Reg_page ***** 
15:58:55.610 [main] INFO  testCases.TC001_Account_Reg_page -  ***** Click on My Account Link ***** 
15:58:55.814 [main] INFO  testCases.TC001_Account_Reg_page -  ***** Click on Registration Link ***** 
15:58:56.713 [main] INFO  testCases.TC001_Account_Reg_page -  +++++ Enter all Information +++++
15:58:59.195 [main] INFO  testCases.TC001_Account_Reg_page -  ***** Test TC001_Account_Reg_page Completed ***** 
16:11:38.200 [main] INFO  org.testng.internal.Utils - [TestNG] Running:
  C:\Users\hp\eclipse-workspace\HybridDrivenFramework\grouping.xml

16:11:47.184 [main] INFO  testCases.TC001_Account_Reg_page -  ***** Starting Test TC001_Account_Reg_page ***** 
16:11:47.215 [main] INFO  testCases.TC001_Account_Reg_page -  ***** Click on My Account Link ***** 
16:11:47.382 [main] INFO  testCases.TC001_Account_Reg_page -  ***** Click on Registration Link ***** 
16:11:48.650 [main] INFO  testCases.TC001_Account_Reg_page -  +++++ Enter all Information +++++
16:11:51.830 [main] INFO  testCases.TC001_Account_Reg_page -  ***** Test TC001_Account_Reg_page Completed ***** 
16:19:21.470 [main] INFO  org.testng.internal.Utils - [TestNG] Running:
  C:\Users\hp\eclipse-workspace\HybridDrivenFramework\grouping.xml

16:19:34.445 [main] INFO  testCases.TC001_Account_Reg_page -  ***** Starting Test TC001_Account_Reg_page ***** 
16:19:34.497 [main] INFO  testCases.TC001_Account_Reg_page -  ***** Click on My Account Link ***** 
16:19:34.711 [main] INFO  testCases.TC001_Account_Reg_page -  ***** Click on Registration Link ***** 
16:19:35.717 [main] INFO  testCases.TC001_Account_Reg_page -  +++++ Enter all Information +++++
16:19:39.764 [main] INFO  testCases.TC001_Account_Reg_page -  ***** Test TC001_Account_Reg_page Completed ***** 
16:19:45.552 [main] INFO  testCases.TC002_LoginTest - *** Test Starting TC002_LoginTest ***
16:25:46.672 [main] INFO  org.testng.internal.Utils - [TestNG] Running:
  C:\Users\hp\eclipse-workspace\HybridDrivenFramework\grouping.xml

16:25:57.179 [main] INFO  testCases.TC001_Account_Reg_page -  ***** Starting Test TC001_Account_Reg_page ***** 
16:25:57.210 [main] INFO  testCases.TC001_Account_Reg_page -  ***** Click on My Account Link ***** 
16:25:57.370 [main] INFO  testCases.TC001_Account_Reg_page -  ***** Click on Registration Link ***** 
16:25:59.365 [main] INFO  testCases.TC001_Account_Reg_page -  +++++ Enter all Information +++++
16:26:02.372 [main] INFO  testCases.TC001_Account_Reg_page -  ***** Test TC001_Account_Reg_page Completed ***** 
16:26:10.440 [main] INFO  testCases.TC002_LoginTest - *** Test Starting TC002_LoginTest ***
16:28:00.246 [main] INFO  org.testng.internal.Utils - [TestNG] Running:
  C:\Users\hp\eclipse-workspace\HybridDrivenFramework\grouping.xml

16:28:09.869 [main] INFO  testCases.TC001_Account_Reg_page -  ***** Starting Test TC001_Account_Reg_page ***** 
16:28:09.913 [main] INFO  testCases.TC001_Account_Reg_page -  ***** Click on My Account Link ***** 
16:28:10.180 [main] INFO  testCases.TC001_Account_Reg_page -  ***** Click on Registration Link ***** 
16:28:15.352 [main] INFO  testCases.TC001_Account_Reg_page -  +++++ Enter all Information +++++
16:28:18.069 [main] INFO  testCases.TC001_Account_Reg_page -  ***** Test TC001_Account_Reg_page Completed ***** 
16:28:24.051 [main] INFO  testCases.TC002_LoginTest - *** Test Starting TC002_LoginTest ***
16:29:55.098 [main] INFO  org.testng.internal.Utils - [TestNG] Running:
  C:\Users\hp\eclipse-workspace\HybridDrivenFramework\grouping.xml

