14:33:52.986 [main] INFO  testCases.TC003_LoginDDT - *** Finished TC003_LoginDDT ***
14:33:53.014 [main] INFO  testCases.TC003_LoginDDT - *** Starting TC003_LoginDDT ***
14:34:01.654 [main] INFO  testCases.TC003_LoginDDT - *** Starting TC003_LoginDDT ***
14:34:11.859 [main] INFO  testCases.TC003_LoginDDT - *** Starting TC003_LoginDDT ***
14:42:58.929 [main] INFO  org.testng.internal.Utils - [TestNG] Running:
  C:\Users\hp\eclipse-workspace\HybridDrivenFramework\master.xml

14:43:12.334 [main] INFO  testCases.TC003_LoginDDT - *** Starting TC003_LoginDDT ***
14:43:25.484 [main] INFO  testCases.TC003_LoginDDT - *** Starting TC003_LoginDDT ***
14:43:25.500 [main] INFO  testCases.TC003_LoginDDT - *** Starting TC003_LoginDDT ***
14:43:25.514 [main] INFO  testCases.TC003_LoginDDT - *** Starting TC003_LoginDDT ***
14:43:25.528 [main] INFO  testCases.TC003_LoginDDT - *** Starting TC003_LoginDDT ***
14:43:52.765 [main] INFO  org.testng.internal.Utils - [TestNG] Running:
  C:\Users\hp\eclipse-workspace\HybridDrivenFramework\master.xml

14:44:07.331 [main] INFO  testCases.TC003_LoginDDT - *** Starting TC003_LoginDDT ***
14:44:23.880 [main] INFO  testCases.TC003_LoginDDT - *** Starting TC003_LoginDDT ***
14:44:31.604 [main] INFO  testCases.TC003_LoginDDT - *** Finished TC003_LoginDDT ***
14:44:31.615 [main] INFO  testCases.TC003_LoginDDT - *** Starting TC003_LoginDDT ***
14:44:35.413 [main] INFO  testCases.TC003_LoginDDT - *** Starting TC003_LoginDDT ***
14:44:45.619 [main] INFO  testCases.TC003_LoginDDT - *** Starting TC003_LoginDDT ***
14:46:18.878 [main] INFO  org.testng.internal.Utils - [TestNG] Running:
  C:\Users\hp\eclipse-workspace\HybridDrivenFramework\master.xml

14:46:28.503 [main] INFO  testCases.TC003_LoginDDT - *** Starting TC003_LoginDDT ***
14:46:47.630 [main] INFO  testCases.TC003_LoginDDT - *** Starting TC003_LoginDDT ***
14:46:51.846 [main] INFO  testCases.TC003_LoginDDT - *** Finished TC003_LoginDDT ***
14:46:56.946 [main] INFO  testCases.TC003_LoginDDT - *** Starting TC003_LoginDDT ***
14:47:04.140 [main] INFO  testCases.TC003_LoginDDT - *** Starting TC003_LoginDDT ***
14:47:16.690 [main] INFO  testCases.TC003_LoginDDT - *** Finished TC003_LoginDDT ***
14:47:27.325 [main] INFO  testCases.TC003_LoginDDT - *** Starting TC003_LoginDDT ***
14:47:32.076 [main] INFO  testCases.TC003_LoginDDT - *** Finished TC003_LoginDDT ***
15:01:41.550 [main] INFO  org.testng.internal.Utils - [TestNG] Running:
  C:\Users\hp\eclipse-workspace\HybridDrivenFramework\master.xml

15:01:56.058 [main] INFO  testCases.TC003_LoginDDT - *** Starting TC003_LoginDDT ***
15:02:13.267 [main] INFO  testCases.TC003_LoginDDT - *** Starting TC003_LoginDDT ***
15:02:17.501 [main] INFO  testCases.TC003_LoginDDT - *** Finished TC003_LoginDDT ***
15:02:21.557 [main] INFO  testCases.TC003_LoginDDT - *** Starting TC003_LoginDDT ***
15:02:28.065 [main] INFO  testCases.TC003_LoginDDT - *** Starting TC003_LoginDDT ***
15:02:40.037 [main] INFO  testCases.TC003_LoginDDT - *** Finished TC003_LoginDDT ***
15:02:43.535 [main] INFO  testCases.TC003_LoginDDT - *** Starting TC003_LoginDDT ***
15:02:46.989 [main] INFO  testCases.TC003_LoginDDT - *** Finished TC003_LoginDDT ***
15:05:29.774 [main] INFO  org.testng.internal.Utils - [TestNG] Running:
  C:\Users\hp\eclipse-workspace\HybridDrivenFramework\master.xml

15:05:40.745 [main] INFO  testCases.TC003_LoginDDT - *** Starting TC003_LoginDDT ***
15:06:00.127 [main] INFO  testCases.TC003_LoginDDT - *** Starting TC003_LoginDDT ***
15:06:06.370 [main] INFO  testCases.TC003_LoginDDT - *** Finished TC003_LoginDDT ***
15:06:11.254 [main] INFO  testCases.TC003_LoginDDT - *** Starting TC003_LoginDDT ***
15:06:18.742 [main] INFO  testCases.TC003_LoginDDT - *** Finished TC003_LoginDDT ***
15:06:35.580 [main] INFO  testCases.TC003_LoginDDT - *** Starting TC003_LoginDDT ***
15:06:49.585 [main] INFO  testCases.TC003_LoginDDT - *** Finished TC003_LoginDDT ***
15:07:01.300 [main] INFO  testCases.TC003_LoginDDT - *** Starting TC003_LoginDDT ***
15:07:10.269 [main] INFO  testCases.TC003_LoginDDT - *** Finished TC003_LoginDDT ***
17:56:18.306 [main] INFO  org.testng.internal.Utils - [TestNG] Running:
  C:\Users\hp\eclipse-workspace\HybridDrivenFramework\grouping.xml

17:56:30.404 [main] INFO  testCases.TC001_Account_Reg_page -  ***** Starting Test TC001_Account_Reg_page ***** 
17:56:30.452 [main] INFO  testCases.TC001_Account_Reg_page -  ***** Click on My Account Link ***** 
17:56:30.635 [main] INFO  testCases.TC001_Account_Reg_page -  ***** Click on Registration Link ***** 
17:56:31.410 [main] INFO  testCases.TC001_Account_Reg_page -  +++++ Enter all Information +++++
17:56:33.679 [main] INFO  testCases.TC001_Account_Reg_page -  ***** Test TC001_Account_Reg_page Completed ***** 
17:56:37.746 [main] INFO  testCases.TC002_LoginTest - *** Test Starting TC002_LoginTest ***
17:56:40.738 [main] INFO  testCases.TC002_LoginTest - -------- Finished TC002_LoginTest ------
18:00:19.023 [main] INFO  org.testng.internal.Utils - [TestNG] Running:
  C:\Users\hp\eclipse-workspace\HybridDrivenFramework\grouping.xml

