14:11:56.643 [TestNG-tests-2] INFO  testCases.TC001_Account_Reg_page -  ***** Click on My Account Link ***** 
14:11:56.914 [TestNG-tests-1] INFO  testCases.TC001_Account_Reg_page -  ***** Click on Registration Link ***** 
14:11:57.045 [TestNG-tests-2] INFO  testCases.TC001_Account_Reg_page -  ***** Click on Registration Link ***** 
14:12:07.208 [TestNG-tests-1] ERROR testCases.TC001_Account_Reg_page - ...Test Failed...
14:12:07.210 [TestNG-tests-1] INFO  testCases.TC001_Account_Reg_page -  ***** Test TC001_Account_Reg_page Completed ***** 
14:12:17.230 [TestNG-tests-2] ERROR testCases.TC001_Account_Reg_page - ...Test Failed...
14:12:17.243 [TestNG-tests-2] INFO  testCases.TC001_Account_Reg_page -  ***** Test TC001_Account_Reg_page Completed ***** 
23:36:07.778 [main] INFO  org.testng.internal.Utils - [TestNG] Running:
  C:\Users\hp\eclipse-workspace\HybridDrivenFramework\parallesBrowsingTest.xml

23:37:14.991 [main] INFO  org.testng.internal.Utils - [TestNG] Running:
  C:\Users\hp\eclipse-workspace\HybridDrivenFramework\master.xml

23:40:26.952 [main] INFO  org.testng.internal.Utils - [TestNG] Running:
  C:\Users\hp\eclipse-workspace\HybridDrivenFramework\master.xml

23:44:02.014 [main] INFO  org.testng.internal.Utils - [TestNG] Running:
  C:\Users\hp\eclipse-workspace\HybridDrivenFramework\master.xml

23:46:16.379 [main] INFO  org.testng.internal.Utils - [TestNG] Running:
  C:\Users\hp\eclipse-workspace\HybridDrivenFramework\master.xml

23:49:46.779 [main] INFO  org.testng.internal.Utils - [TestNG] Running:
  C:\Users\hp\eclipse-workspace\HybridDrivenFramework\master.xml

23:51:12.269 [main] INFO  org.testng.internal.Utils - [TestNG] Running:
  C:\Users\hp\eclipse-workspace\HybridDrivenFramework\master.xml

23:53:28.296 [main] INFO  org.testng.internal.Utils - [TestNG] Running:
  C:\Users\hp\eclipse-workspace\HybridDrivenFramework\master.xml

23:53:47.039 [main] INFO  testCases.TC002_LoginTest - *** Test Starting TC002_LoginTest ***
23:53:49.628 [main] INFO  testCases.TC002_LoginTest - -------- Finished TC002_LoginTest ------
23:54:35.508 [main] INFO  org.testng.internal.Utils - [TestNG] Running:
  C:\Users\hp\eclipse-workspace\HybridDrivenFramework\parallesBrowsingTest.xml

23:54:42.910 [TestNG-tests-1] INFO  testCases.TC001_Account_Reg_page -  ***** Starting Test TC001_Account_Reg_page ***** 
23:54:42.910 [TestNG-tests-2] INFO  testCases.TC001_Account_Reg_page -  ***** Starting Test TC001_Account_Reg_page ***** 
23:54:42.995 [TestNG-tests-1] INFO  testCases.TC001_Account_Reg_page -  ***** Click on My Account Link ***** 
23:54:42.995 [TestNG-tests-2] INFO  testCases.TC001_Account_Reg_page -  ***** Click on My Account Link ***** 
23:54:45.759 [TestNG-tests-1] INFO  testCases.TC001_Account_Reg_page -  ***** Click on Registration Link ***** 
23:54:45.865 [TestNG-tests-2] INFO  testCases.TC001_Account_Reg_page -  ***** Click on Registration Link ***** 
23:54:55.993 [TestNG-tests-1] ERROR testCases.TC001_Account_Reg_page - ...Test Failed...
23:54:55.993 [TestNG-tests-1] INFO  testCases.TC001_Account_Reg_page -  ***** Test TC001_Account_Reg_page Completed ***** 
23:55:06.003 [TestNG-tests-2] ERROR testCases.TC001_Account_Reg_page - ...Test Failed...
23:55:06.005 [TestNG-tests-2] INFO  testCases.TC001_Account_Reg_page -  ***** Test TC001_Account_Reg_page Completed ***** 
23:55:35.711 [main] INFO  org.testng.internal.Utils - [TestNG] Running:
  C:\Users\hp\eclipse-workspace\HybridDrivenFramework\parallesBrowsingTest.xml

23:55:43.338 [TestNG-tests-2] INFO  testCases.TC001_Account_Reg_page -  ***** Starting Test TC001_Account_Reg_page ***** 
23:55:43.371 [TestNG-tests-2] INFO  testCases.TC001_Account_Reg_page -  ***** Click on My Account Link ***** 
23:55:43.571 [TestNG-tests-2] INFO  testCases.TC001_Account_Reg_page -  ***** Click on Registration Link ***** 
23:55:44.359 [TestNG-tests-2] INFO  testCases.TC001_Account_Reg_page -  +++++ Enter all Information +++++
23:55:46.874 [TestNG-tests-2] INFO  testCases.TC001_Account_Reg_page -  ***** Test TC001_Account_Reg_page Completed ***** 
00:10:53.978 [main] INFO  org.testng.internal.Utils - [TestNG] Running:
  C:\Users\hp\eclipse-workspace\HybridDrivenFramework\parallesBrowsingTest.xml

00:11:04.488 [TestNG-tests-1] INFO  testCases.TC001_Account_Reg_page -  ***** Starting Test TC001_Account_Reg_page ***** 
00:11:04.522 [TestNG-tests-1] INFO  testCases.TC001_Account_Reg_page -  ***** Click on My Account Link ***** 
00:11:04.828 [TestNG-tests-2] INFO  testCases.TC001_Account_Reg_page -  ***** Starting Test TC001_Account_Reg_page ***** 
00:11:04.829 [TestNG-tests-2] INFO  testCases.TC001_Account_Reg_page -  ***** Click on My Account Link ***** 
00:11:05.033 [TestNG-tests-1] INFO  testCases.TC001_Account_Reg_page -  ***** Click on Registration Link ***** 
00:11:05.150 [TestNG-tests-2] INFO  testCases.TC001_Account_Reg_page -  ***** Click on Registration Link ***** 
00:11:15.283 [TestNG-tests-1] ERROR testCases.TC001_Account_Reg_page - ...Test Failed...
