16:30:02.369 [main] INFO  testCases.TC001_Account_Reg_page -  ***** Starting Test TC001_Account_Reg_page ***** 
16:30:02.420 [main] INFO  testCases.TC001_Account_Reg_page -  ***** Click on My Account Link ***** 
16:30:02.585 [main] INFO  testCases.TC001_Account_Reg_page -  ***** Click on Registration Link ***** 
16:30:05.800 [main] INFO  testCases.TC001_Account_Reg_page -  +++++ Enter all Information +++++
16:30:14.649 [main] INFO  testCases.TC001_Account_Reg_page -  ***** Test TC001_Account_Reg_page Completed ***** 
16:30:23.345 [main] INFO  testCases.TC002_LoginTest - *** Test Starting TC002_LoginTest ***
16:57:08.957 [main] INFO  org.testng.internal.Utils - [TestNG] Running:
  C:\Users\hp\eclipse-workspace\HybridDrivenFramework\test-output\testng-failed.xml

16:57:15.135 [main] INFO  testCases.TC002_LoginTest - *** Test Starting TC002_LoginTest ***
16:57:17.314 [main] INFO  testCases.TC002_LoginTest - -------- Finished TC002_LoginTest ------
13:34:51.058 [main] INFO  org.testng.internal.Utils - [TestNG] Running:
  C:\Users\hp\eclipse-workspace\HybridDrivenFramework\master.xml

13:36:16.301 [main] INFO  org.testng.internal.Utils - [TestNG] Running:
  C:\Users\hp\eclipse-workspace\HybridDrivenFramework\master.xml

13:37:17.527 [main] INFO  org.testng.internal.Utils - [TestNG] Running:
  C:\Users\hp\eclipse-workspace\HybridDrivenFramework\master.xml

13:38:46.839 [main] INFO  org.testng.internal.Utils - [TestNG] Running:
  C:\Users\hp\eclipse-workspace\HybridDrivenFramework\master.xml

13:39:24.230 [main] INFO  testCases.TC001_Account_Reg_page -  ***** Starting Test TC001_Account_Reg_page ***** 
13:39:24.281 [main] INFO  testCases.TC001_Account_Reg_page -  ***** Click on My Account Link ***** 
13:39:24.455 [main] INFO  testCases.TC001_Account_Reg_page -  ***** Click on Registration Link ***** 
13:39:25.239 [main] INFO  testCases.TC001_Account_Reg_page -  +++++ Enter all Information +++++
13:39:27.685 [main] INFO  testCases.TC001_Account_Reg_page -  ***** Test TC001_Account_Reg_page Completed ***** 
13:39:31.911 [main] INFO  testCases.TC002_LoginTest - *** Test Starting TC002_LoginTest ***
13:39:34.232 [main] INFO  testCases.TC002_LoginTest - -------- Finished TC002_LoginTest ------
13:44:12.418 [main] INFO  org.testng.internal.Utils - [TestNG] Running:
  C:\Users\hp\eclipse-workspace\HybridDrivenFramework\master.xml

13:48:09.219 [main] INFO  org.testng.internal.Utils - [TestNG] Running:
  C:\Users\hp\eclipse-workspace\HybridDrivenFramework\master.xml

13:49:58.119 [main] INFO  org.testng.internal.Utils - [TestNG] Running:
  C:\Users\hp\eclipse-workspace\HybridDrivenFramework\master.xml

13:53:01.477 [main] INFO  org.testng.internal.Utils - [TestNG] Running:
  C:\Users\hp\eclipse-workspace\HybridDrivenFramework\master.xml

13:53:10.509 [main] INFO  testCases.TC002_LoginTest - *** Test Starting TC002_LoginTest ***
13:53:13.392 [main] INFO  testCases.TC002_LoginTest - -------- Finished TC002_LoginTest ------
13:54:07.458 [main] INFO  org.testng.internal.Utils - [TestNG] Running:
  C:\Users\hp\eclipse-workspace\HybridDrivenFramework\master.xml

14:00:48.223 [main] INFO  org.testng.internal.Utils - [TestNG] Running:
  C:\Users\hp\eclipse-workspace\HybridDrivenFramework\master.xml

14:07:49.547 [main] INFO  org.testng.internal.Utils - [TestNG] Running:
  C:\Users\hp\eclipse-workspace\HybridDrivenFramework\master.xml

14:08:00.422 [main] INFO  testCases.TC002_LoginTest - *** Test Starting TC002_LoginTest ***
14:08:03.774 [main] INFO  testCases.TC002_LoginTest - -------- Finished TC002_LoginTest ------
14:08:31.661 [main] INFO  org.testng.internal.Utils - [TestNG] Running:
  C:\Users\hp\eclipse-workspace\HybridDrivenFramework\master.xml

14:08:36.606 [main] INFO  testCases.TC002_LoginTest - *** Test Starting TC002_LoginTest ***
14:08:46.015 [main] INFO  testCases.TC002_LoginTest - -------- Finished TC002_LoginTest ------
14:09:30.331 [main] INFO  org.testng.internal.Utils - [TestNG] Running:
  C:\Users\hp\eclipse-workspace\HybridDrivenFramework\parallesBrowsingTest.xml

14:09:38.129 [TestNG-tests-1] INFO  testCases.TC001_Account_Reg_page -  ***** Starting Test TC001_Account_Reg_page ***** 
14:09:38.193 [TestNG-tests-1] INFO  testCases.TC001_Account_Reg_page -  ***** Click on My Account Link ***** 
14:09:38.251 [TestNG-tests-1] ERROR testCases.TC001_Account_Reg_page - ...Test Failed...
14:09:38.251 [TestNG-tests-1] INFO  testCases.TC001_Account_Reg_page -  ***** Test TC001_Account_Reg_page Completed ***** 
14:11:28.580 [main] INFO  org.testng.internal.Utils - [TestNG] Running:
  C:\Users\hp\eclipse-workspace\HybridDrivenFramework\parallesBrowsingTest.xml

14:11:36.105 [TestNG-tests-1] INFO  testCases.TC001_Account_Reg_page -  ***** Starting Test TC001_Account_Reg_page ***** 
14:11:36.164 [TestNG-tests-1] INFO  testCases.TC001_Account_Reg_page -  ***** Click on My Account Link ***** 
14:11:56.641 [TestNG-tests-2] INFO  testCases.TC001_Account_Reg_page -  ***** Starting Test TC001_Account_Reg_page ***** 
